Traceback (most recent call last):
  File "/opt/hostedtoolcache/Python/3.11.11/x64/lib/python3.11/site-packages/jupyter_cache/executors/utils.py", line 58, in single_nb_execution
    executenb(
  File "/opt/hostedtoolcache/Python/3.11.11/x64/lib/python3.11/site-packages/nbclient/client.py", line 1314, in execute
    return NotebookClient(nb=nb, resources=resources, km=km, **kwargs).execute()
           ^^^^^^^^^^^^^^^^^^^^^^^^^^^^^^^^^^^^^^^^^^^^^^^^^^^^^^^^^^^^^^^^^^^^^
  File "/opt/hostedtoolcache/Python/3.11.11/x64/lib/python3.11/site-packages/jupyter_core/utils/__init__.py", line 165, in wrapped
    return loop.run_until_complete(inner)
           ^^^^^^^^^^^^^^^^^^^^^^^^^^^^^^
  File "/opt/hostedtoolcache/Python/3.11.11/x64/lib/python3.11/asyncio/base_events.py", line 654, in run_until_complete
    return future.result()
           ^^^^^^^^^^^^^^^
  File "/opt/hostedtoolcache/Python/3.11.11/x64/lib/python3.11/site-packages/nbclient/client.py", line 709, in async_execute
    await self.async_execute_cell(
  File "/opt/hostedtoolcache/Python/3.11.11/x64/lib/python3.11/site-packages/nbclient/client.py", line 1062, in async_execute_cell
    await self._check_raise_for_error(cell, cell_index, exec_reply)
  File "/opt/hostedtoolcache/Python/3.11.11/x64/lib/python3.11/site-packages/nbclient/client.py", line 918, in _check_raise_for_error
    raise CellExecutionError.from_cell_and_msg(cell, exec_reply_content)
nbclient.exceptions.CellExecutionError: An error occurred while executing the following cell:
------------------
import os
from pathlib import Path
from datetime import datetime, timedelta
from ghapi.all import GhApi
import yaml
from IPython.display import Markdown, display

github_token = os.getenv('GH_TOKEN')

software_attr_dir = Path("..", "..", "software_attributes")

model_list_inputs = yaml.safe_load( open(software_attr_dir / "database_list.yaml", "r") )
models = model_list_inputs["active"] + model_list_inputs["partial"]

model_attributes_map = {
    model: yaml.safe_load( open( software_attr_dir / "database" / f"{model}.yaml", "r") )
    for model in models
}

repos = [(atts["github_account"], atts["github_repo"]) for model, atts in model_attributes_map.items()]

recent_releases = []
thirty_days_ago = datetime.today() - timedelta(days=30)
for repo in repos:
    api = GhApi(owner=repo[0], repo=repo[1], token=github_token)
    releases = api.repos.list_releases()
    if len(releases) < 1:
        continue
    last_release_date = datetime.fromisoformat(releases[0]["published_at"]).replace(tzinfo=None)
    if last_release_date > thirty_days_ago:
        recent_releases.append((repo[0], repo[1], last_release_date))
recent_releases.sort(key=lambda x: x[2], reverse=True)

release_list_md = ""
for account, repo, release_date in recent_releases:
    release_list_md += f"- {account}/{repo} - {release_date.strftime('%Y-%m-%d')}\n"

display(Markdown(release_list_md))
display(Markdown(f"*Updated on {datetime.today().strftime('%Y-%m-%d')}*"))
------------------


[0;31m---------------------------------------------------------------------------[0m
[0;31mHTTP403ForbiddenError[0m                     Traceback (most recent call last)
Cell [0;32mIn[1], line 26[0m
[1;32m     24[0m [38;5;28;01mfor[39;00m repo [38;5;129;01min[39;00m repos:
[1;32m     25[0m     api [38;5;241m=[39m GhApi(owner[38;5;241m=[39mrepo[[38;5;241m0[39m], repo[38;5;241m=[39mrepo[[38;5;241m1[39m], token[38;5;241m=[39mgithub_token)
[0;32m---> 26[0m     releases [38;5;241m=[39m [43mapi[49m[38;5;241;43m.[39;49m[43mrepos[49m[38;5;241;43m.[39;49m[43mlist_releases[49m[43m([49m[43m)[49m
[1;32m     27[0m     [38;5;28;01mif[39;00m [38;5;28mlen[39m(releases) [38;5;241m<[39m [38;5;241m1[39m:
[1;32m     28[0m         [38;5;28;01mcontinue[39;00m

File [0;32m/opt/hostedtoolcache/Python/3.11.11/x64/lib/python3.11/site-packages/ghapi/core.py:74[0m, in [0;36m_GhVerb.__call__[0;34m(self, headers, *args, **kwargs)[0m
[1;32m     71[0m [38;5;28;01mfor[39;00m a,b [38;5;129;01min[39;00m [38;5;28mzip[39m(args,flds): kwargs[b][38;5;241m=[39ma
[1;32m     72[0m route_p,query_p,data_p [38;5;241m=[39m [{p:kwargs[p] [38;5;28;01mfor[39;00m p [38;5;129;01min[39;00m o [38;5;28;01mif[39;00m p [38;5;129;01min[39;00m kwargs}
[1;32m     73[0m                          [38;5;28;01mfor[39;00m o [38;5;129;01min[39;00m ([38;5;28mself[39m[38;5;241m.[39mroute_ps,[38;5;28mself[39m[38;5;241m.[39mparams,d)]
[0;32m---> 74[0m [38;5;28;01mreturn[39;00m [38;5;28;43mself[39;49m[38;5;241;43m.[39;49m[43mclient[49m[43m([49m[38;5;28;43mself[39;49m[38;5;241;43m.[39;49m[43mpath[49m[43m,[49m[43m [49m[38;5;28;43mself[39;49m[38;5;241;43m.[39;49m[43mverb[49m[43m,[49m[43m [49m[43mheaders[49m[38;5;241;43m=[39;49m[43mheaders[49m[43m,[49m[43m [49m[43mdecode[49m[38;5;241;43m=[39;49m[38;5;28;43mself[39;49m[38;5;241;43m.[39;49m[43mdecode[49m[43m,[49m[43m [49m[43mroute[49m[38;5;241;43m=[39;49m[43mroute_p[49m[43m,[49m[43m [49m[43mquery[49m[38;5;241;43m=[39;49m[43mquery_p[49m[43m,[49m[43m [49m[43mdata[49m[38;5;241;43m=[39;49m[43mdata_p[49m[43m)[49m

File [0;32m/opt/hostedtoolcache/Python/3.11.11/x64/lib/python3.11/site-packages/ghapi/core.py:133[0m, in [0;36mGhApi.__call__[0;34m(self, path, verb, headers, route, query, data, timeout, decode)[0m
[1;32m    131[0m return_json [38;5;241m=[39m ([38;5;124m'[39m[38;5;124mjson[39m[38;5;124m'[39m [38;5;129;01min[39;00m headers[[38;5;124m'[39m[38;5;124mAccept[39m[38;5;124m'[39m]) [38;5;129;01mand[39;00m (decode [38;5;129;01mis[39;00m [38;5;28;01mTrue[39;00m)
[1;32m    132[0m debug [38;5;241m=[39m [38;5;28mself[39m[38;5;241m.[39mdebug [38;5;28;01mif[39;00m [38;5;28mself[39m[38;5;241m.[39mdebug [38;5;28;01melse[39;00m print_summary [38;5;28;01mif[39;00m os[38;5;241m.[39mgetenv([38;5;124m'[39m[38;5;124mGHAPI_DEBUG[39m[38;5;124m'[39m) [38;5;28;01melse[39;00m [38;5;28;01mNone[39;00m
[0;32m--> 133[0m res,[38;5;28mself[39m[38;5;241m.[39mrecv_hdrs [38;5;241m=[39m [43murlsend[49m[43m([49m[43mpath[49m[43m,[49m[43m [49m[43mverb[49m[43m,[49m[43m [49m[43mheaders[49m[38;5;241;43m=[39;49m[43mheaders[49m[43m [49m[38;5;129;43;01mor[39;49;00m[43m [49m[38;5;28;43;01mNone[39;49;00m[43m,[49m[43m [49m[43mdecode[49m[38;5;241;43m=[39;49m[43mdecode[49m[43m,[49m[43m [49m[43mdebug[49m[38;5;241;43m=[39;49m[43mdebug[49m[43m,[49m[43m [49m[43mreturn_headers[49m[38;5;241;43m=[39;49m[38;5;28;43;01mTrue[39;49;00m[43m,[49m
[1;32m    134[0m [43m                             [49m[43mroute[49m[38;5;241;43m=[39;49m[43mroute[49m[43m [49m[38;5;129;43;01mor[39;49;00m[43m [49m[38;5;28;43;01mNone[39;49;00m[43m,[49m[43m [49m[43mquery[49m[38;5;241;43m=[39;49m[43mquery[49m[43m [49m[38;5;129;43;01mor[39;49;00m[43m [49m[38;5;28;43;01mNone[39;49;00m[43m,[49m[43m [49m[43mdata[49m[38;5;241;43m=[39;49m[43mdata[49m[43m [49m[38;5;129;43;01mor[39;49;00m[43m [49m[38;5;28;43;01mNone[39;49;00m[43m,[49m[43m [49m[43mreturn_json[49m[38;5;241;43m=[39;49m[43mreturn_json[49m[43m,[49m[43m [49m[43mtimeout[49m[38;5;241;43m=[39;49m[43mtimeout[49m[43m)[49m
[1;32m    135[0m [38;5;28;01mif[39;00m [38;5;124m'[39m[38;5;124mX-RateLimit-Remaining[39m[38;5;124m'[39m [38;5;129;01min[39;00m [38;5;28mself[39m[38;5;241m.[39mrecv_hdrs:
[1;32m    136[0m     newlim [38;5;241m=[39m [38;5;28mself[39m[38;5;241m.[39mrecv_hdrs[[38;5;124m'[39m[38;5;124mX-RateLimit-Remaining[39m[38;5;124m'[39m]

File [0;32m/opt/hostedtoolcache/Python/3.11.11/x64/lib/python3.11/site-packages/fastcore/net.py:221[0m, in [0;36murlsend[0;34m(url, verb, headers, decode, route, query, data, json_data, return_json, return_headers, debug, timeout)[0m
[1;32m    218[0m [38;5;28;01mif[39;00m route [38;5;129;01mand[39;00m route[38;5;241m.[39mget([38;5;124m'[39m[38;5;124marchive_format[39m[38;5;124m'[39m, [38;5;28;01mNone[39;00m):
[1;32m    219[0m     [38;5;28;01mreturn[39;00m urlread(req, decode[38;5;241m=[39m[38;5;28;01mFalse[39;00m, return_json[38;5;241m=[39m[38;5;28;01mFalse[39;00m, return_headers[38;5;241m=[39mreturn_headers, timeout[38;5;241m=[39mtimeout)
[0;32m--> 221[0m [38;5;28;01mreturn[39;00m [43murlread[49m[43m([49m[43mreq[49m[43m,[49m[43m [49m[43mdecode[49m[38;5;241;43m=[39;49m[43mdecode[49m[43m,[49m[43m [49m[43mreturn_json[49m[38;5;241;43m=[39;49m[43mreturn_json[49m[43m,[49m[43m [49m[43mreturn_headers[49m[38;5;241;43m=[39;49m[43mreturn_headers[49m[43m,[49m[43m [49m[43mtimeout[49m[38;5;241;43m=[39;49m[43mtimeout[49m[43m)[49m

File [0;32m/opt/hostedtoolcache/Python/3.11.11/x64/lib/python3.11/site-packages/fastcore/net.py:122[0m, in [0;36murlread[0;34m(url, data, headers, decode, return_json, return_headers, timeout, **kwargs)[0m
[1;32m    120[0m     [38;5;28;01mwith[39;00m urlopen(url, data[38;5;241m=[39mdata, headers[38;5;241m=[39mheaders, timeout[38;5;241m=[39mtimeout, [38;5;241m*[39m[38;5;241m*[39mkwargs) [38;5;28;01mas[39;00m u: res,hdrs [38;5;241m=[39m u[38;5;241m.[39mread(),u[38;5;241m.[39mheaders
[1;32m    121[0m [38;5;28;01mexcept[39;00m HTTPError [38;5;28;01mas[39;00m e:
[0;32m--> 122[0m     [38;5;28;01mif[39;00m [38;5;241m400[39m [38;5;241m<[39m[38;5;241m=[39m e[38;5;241m.[39mcode [38;5;241m<[39m [38;5;241m500[39m: [38;5;28;01mraise[39;00m ExceptionsHTTP[e[38;5;241m.[39mcode](e[38;5;241m.[39murl, e[38;5;241m.[39mhdrs, e[38;5;241m.[39mfp, msg[38;5;241m=[39me[38;5;241m.[39mmsg) [38;5;28;01mfrom[39;00m [38;5;28;01mNone[39;00m
[1;32m    123[0m     [38;5;28;01melse[39;00m: [38;5;28;01mraise[39;00m
[1;32m    125[0m [38;5;28;01mif[39;00m decode: res [38;5;241m=[39m res[38;5;241m.[39mdecode()

[0;31mHTTP403ForbiddenError[0m: HTTP Error 403: Forbidden
====Error Body====
{
  "message": "The 'Exawind' organization forbids access via a fine-grained personal access tokens if the token's lifetime is greater than 366 days. Please adjust your token's lifetime at the following URL: https://github.com/settings/personal-access-tokens/4753882",
  "documentation_url": "https://docs.github.com/rest/releases/releases#list-releases",
  "status": "403"
}


